proguard/seeds.txt
com.daiyan.handwork.R$anim: int empty
com.daiyan.handwork.R$anim: int push_left_in
com.daiyan.handwork.R$anim: int push_right_out
com.daiyan.handwork.R$anim: int push_up_in
com.daiyan.handwork.R$anim: int push_up_out
com.daiyan.handwork.R$anim: int pw_hide_anim
com.daiyan.handwork.R$anim: int pw_show_anim
com.daiyan.handwork.R$anim: int update_loading_progressbar_anim
com.daiyan.handwork.R$anim: int zoom_enter
com.daiyan.handwork.R$anim: int zoom_exit
com.daiyan.handwork.R$anim: int zoom_in
com.daiyan.handwork.R$anim: int zoom_out
com.daiyan.handwork.R$array: int callname
com.daiyan.handwork.R$array: int category
com.daiyan.handwork.R$array: int find_item_ids
com.daiyan.handwork.R$array: int find_item_imgs
com.daiyan.handwork.R$array: int find_item_names
com.daiyan.handwork.R$array: int help_center_child
com.daiyan.handwork.R$array: int help_center_group
com.daiyan.handwork.R$array: int intangibleheritage
com.daiyan.handwork.R$array: int title
com.daiyan.handwork.R$attr: int adapterViewBackground
com.daiyan.handwork.R$attr: int amboTextSize
com.daiyan.handwork.R$attr: int borderRadius
com.daiyan.handwork.R$attr: int centered
com.daiyan.handwork.R$attr: int clipPadding
com.daiyan.handwork.R$attr: int fadeDelay
com.daiyan.handwork.R$attr: int fadeLength
com.daiyan.handwork.R$attr: int fades
com.daiyan.handwork.R$attr: int fillColor
com.daiyan.handwork.R$attr: int foldNumber
com.daiyan.handwork.R$attr: int footerColor
com.daiyan.handwork.R$attr: int footerIndicatorHeight
com.daiyan.handwork.R$attr: int footerIndicatorStyle
com.daiyan.handwork.R$attr: int footerIndicatorUnderlinePadding
com.daiyan.handwork.R$attr: int footerLineHeight
com.daiyan.handwork.R$attr: int footerPadding
com.daiyan.handwork.R$attr: int gapWidth
com.daiyan.handwork.R$attr: int headerBackground
com.daiyan.handwork.R$attr: int headerTextColor
com.daiyan.handwork.R$attr: int leftBackground
com.daiyan.handwork.R$attr: int leftImage
com.daiyan.handwork.R$attr: int leftText
com.daiyan.handwork.R$attr: int leftVisible
com.daiyan.handwork.R$attr: int linePosition
com.daiyan.handwork.R$attr: int lineWidth
com.daiyan.handwork.R$attr: int mode
com.daiyan.handwork.R$attr: int pageColor
com.daiyan.handwork.R$attr: int radius
com.daiyan.handwork.R$attr: int rightBackground
com.daiyan.handwork.R$attr: int rightImage
com.daiyan.handwork.R$attr: int rightText
com.daiyan.handwork.R$attr: int rightVisible
com.daiyan.handwork.R$attr: int selectedBold
com.daiyan.handwork.R$bool: int default_circle_indicator_centered
com.daiyan.handwork.R$bool: int default_circle_indicator_snap
com.daiyan.handwork.R$bool: int default_line_indicator_centered
com.daiyan.handwork.R$bool: int default_title_indicator_selected_bold
com.daiyan.handwork.R$bool: int default_underline_indicator_fades
...
com.mob.tools.gui.AsyncImageView: void setRound(float)
com.mob.tools.gui.AsyncImageView: void setScaleToCropCenter(boolean)
com.mob.tools.gui.AsyncImageView: void setBitmap(android.graphics.Bitmap)
com.mob.tools.gui.AsyncImageView: int[] getSize()
com.mob.tools.gui.PullToRefreshView: void setAdapter(com.mob.tools.gui.PullToRefreshAdatper)
com.mob.tools.gui.ScaledImageView: void setBitmap(android.graphics.Bitmap)
com.mob.tools.gui.ScaledImageView: void setOnMatrixChangedListener(com.mob.tools.gui.ScaledImageView$OnMatrixChangedListener)
com.mob.tools.gui.ViewPagerClassic: int getCurrentScreen()
com.mob.tools.gui.ViewPagerClassic: void setCurrentScreen(int)
com.mob.tools.gui.ViewPagerClassic: void setAdapter(com.mob.tools.gui.ViewPagerAdapter)
com.nostra13.universalimageloader.core.assist.FailReason$FailType: com.nostra13.universalimageloader.core.assist.FailReason$FailType[] values()
com.nostra13.universalimageloader.core.assist.FailReason$FailType: com.nostra13.universalimageloader.core.assist.FailReason$FailType valueOf(java.lang.String)
com.nostra13.universalimageloader.core.assist.ImageScaleType: com.nostra13.universalimageloader.core.assist.ImageScaleType[] values()
com.nostra13.universalimageloader.core.assist.ImageScaleType: com.nostra13.universalimageloader.core.assist.ImageScaleType valueOf(java.lang.String)
com.nostra13.universalimageloader.core.assist.LoadedFrom: com.nostra13.universalimageloader.core.assist.LoadedFrom[] values()
com.nostra13.universalimageloader.core.assist.LoadedFrom: com.nostra13.universalimageloader.core.assist.LoadedFrom valueOf(java.lang.String)
com.nostra13.universalimageloader.core.assist.QueueProcessingType: com.nostra13.universalimageloader.core.assist.QueueProcessingType[] values()
com.nostra13.universalimageloader.core.assist.QueueProcessingType: com.nostra13.universalimageloader.core.assist.QueueProcessingType valueOf(java.lang.String)
com.nostra13.universalimageloader.core.assist.ViewScaleType: com.nostra13.universalimageloader.core.assist.ViewScaleType[] values()
com.nostra13.universalimageloader.core.assist.ViewScaleType: com.nostra13.universalimageloader.core.assist.ViewScaleType valueOf(java.lang.String)
com.nostra13.universalimageloader.core.download.ImageDownloader$Scheme: com.nostra13.universalimageloader.core.download.ImageDownloader$Scheme[] values()
com.nostra13.universalimageloader.core.download.ImageDownloader$Scheme: com.nostra13.universalimageloader.core.download.ImageDownloader$Scheme valueOf(java.lang.String)
com.pgyersdk.views.k: void setBackground(int)
com.umeng.analytics.Gender: com.umeng.analytics.Gender[] values()
com.umeng.analytics.Gender: com.umeng.analytics.Gender valueOf(java.lang.String)
com.umeng.analytics.social.UMPlatformData$GENDER: com.umeng.analytics.social.UMPlatformData$GENDER[] values()
com.umeng.analytics.social.UMPlatformData$GENDER: com.umeng.analytics.social.UMPlatformData$GENDER valueOf(java.lang.String)
com.umeng.analytics.social.UMPlatformData$UMedia: com.umeng.analytics.social.UMPlatformData$UMedia[] values()
com.umeng.analytics.social.UMPlatformData$UMedia: com.umeng.analytics.social.UMPlatformData$UMedia valueOf(java.lang.String)