proguard/mapping.txt
com.daiyan.handwork.R -> com.daiyan.handwork.a:
com.daiyan.handwork.R$styleable -> com.daiyan.handwork.b:
    int[] CirclePageIndicator -> CirclePageIndicator
    int CirclePageIndicator_android_background -> CirclePageIndicator_android_background
    int CirclePageIndicator_android_orientation -> CirclePageIndicator_android_orientation
    int CirclePageIndicator_centered -> CirclePageIndicator_centered
    int CirclePageIndicator_fillColor -> CirclePageIndicator_fillColor
    int CirclePageIndicator_pageColor -> CirclePageIndicator_pageColor
    int CirclePageIndicator_radius -> CirclePageIndicator_radius
    int CirclePageIndicator_snap -> CirclePageIndicator_snap
    int CirclePageIndicator_strokeColor -> CirclePageIndicator_strokeColor
    int CirclePageIndicator_strokeWidth -> CirclePageIndicator_strokeWidth
    int[] CustomTitleBar -> CustomTitleBar
    int CustomTitleBar_amboTextSize -> CustomTitleBar_amboTextSize
    int CustomTitleBar_leftBackground -> CustomTitleBar_leftBackground
    int CustomTitleBar_leftImage -> CustomTitleBar_leftImage
    int CustomTitleBar_leftText -> CustomTitleBar_leftText
    int CustomTitleBar_leftVisible -> CustomTitleBar_leftVisible
    int CustomTitleBar_rightBackground -> CustomTitleBar_rightBackground
    int CustomTitleBar_rightImage -> CustomTitleBar_rightImage
    int CustomTitleBar_rightText -> CustomTitleBar_rightText
    int CustomTitleBar_rightVisible -> CustomTitleBar_rightVisible
    int CustomTitleBar_textColor -> CustomTitleBar_textColor
com.daiyan.handwork.adapter.CommonAdapter -> com.daiyan.handwork.a.a:
    android.view.LayoutInflater mInflater -> a
    android.app.Activity mContext -> b
    java.util.List mDatas -> c
    int mItemLayoutId -> d
    int getCount() -> getCount
    java.lang.Object getItem(int) -> getItem
    long getItemId(int) -> getItemId
    android.view.View getView(int,android.view.View,android.view.ViewGroup) -> getView
    void convert(com.daiyan.handwork.common.ViewHolder,java.lang.Object) -> a
    com.daiyan.handwork.common.ViewHolder getViewHolder(int,android.view.View,android.view.ViewGroup) -> a
com.daiyan.handwork.adapter.HomeFragmentPagerAdapter -> com.daiyan.handwork.a.b:
    java.util.List mFragmentList -> a
    android.support.v4.app.Fragment getItem(int) -> a
    int getCount() -> b
com.daiyan.handwork.adapter.ViewPagerAdapter -> com.daiyan.handwork.a.c:
    java.util.List mList -> a
    int getCount() -> b
    boolean isViewFromObject(android.view.View,java.lang.Object) -> a
    java.lang.Object instantiateItem(android.view.ViewGroup,int) -> a
    void destroyItem(android.view.ViewGroup,int,java.lang.Object) -> a
com.daiyan.handwork.app.BaseActivity -> com.daiyan.handwork.app.a:
    void onCreate(android.os.Bundle,int) -> a
    void onDestroy() -> onDestroy
    void onPause() -> onPause
    void onResume() -> onResume
com.daiyan.handwork.app.BaseFragment -> com.daiyan.handwork.app.b:
    boolean isVisible -> P
    void setUserVisibleHint(boolean) -> c
    void onVisible() -> B
    void lazyLoad() -> C
    void onInvisible() -> D
com.daiyan.handwork.app.BaseFragmentActivity -> com.daiyan.handwork.app.c:
    void onCreate(android.os.Bundle,int) -> a
    void onDestroy() -> onDestroy
com.daiyan.handwork.app.BaseSelectAreaActivity -> com.daiyan.handwork.app.d:
    java.lang.String[] mProvinceDatas -> a
    java.util.Map mCitisDatasMap -> b
    java.util.Map mDistrictDatasMap -> c
    java.util.Map mZipcodeDatasMap -> d
    java.lang.String mCurrentProviceName -> e
    java.lang.String mCurrentCityName -> f
    java.lang.String mCurrentDistrictName -> g
    java.lang.String mCurrentZipCode -> h
    void initProvinceDatas() -> a
...
android.support.v4.app.Fragment$1 -> android.support.v4.app.e:
    android.support.v4.app.Fragment this$0 -> a
    android.view.View findViewById(int) -> a
android.support.v4.app.Fragment$InstantiationException -> android.support.v4.app.f:
android.support.v4.app.Fragment$SavedState -> android.support.v4.app.Fragment$SavedState:
    android.os.Bundle mState -> a
    android.os.Parcelable$Creator CREATOR -> CREATOR
    int describeContents() -> describeContents
    void writeToParcel(android.os.Parcel,int) -> writeToParcel
android.support.v4.app.Fragment$SavedState$1 -> android.support.v4.app.g:
    android.support.v4.app.Fragment$SavedState createFromParcel(android.os.Parcel) -> a
    android.support.v4.app.Fragment$SavedState[] newArray(int) -> a
    java.lang.Object[] newArray(int) -> newArray
    java.lang.Object createFromParcel(android.os.Parcel) -> createFromParcel
android.support.v4.app.FragmentActivity -> android.support.v4.app.h:
    android.os.Handler mHandler -> a
    android.support.v4.app.FragmentManagerImpl mFragments -> b
    android.support.v4.app.FragmentContainer mContainer -> c
    boolean mCreated -> d
    boolean mResumed -> e
    boolean mStopped -> f
    boolean mReallyStopped -> g
    boolean mRetaining -> h
    boolean mOptionsMenuInvalidated -> i
    boolean mCheckedForLoaderManager -> j
    boolean mLoadersStarted -> k
    android.support.v4.util.SimpleArrayMap mAllLoaderManagers -> l
    android.support.v4.app.LoaderManagerImpl mLoaderManager -> m
    void onActivityResult(int,int,android.content.Intent) -> onActivityResult
    void onBackPressed() -> onBackPressed
    void onConfigurationChanged(android.content.res.Configuration) -> onConfigurationChanged
    void onCreate(android.os.Bundle) -> onCreate
    boolean onCreatePanelMenu(int,android.view.Menu) -> onCreatePanelMenu
    android.view.View onCreateView(java.lang.String,android.content.Context,android.util.AttributeSet) -> onCreateView
    void onDestroy() -> onDestroy
    boolean onKeyDown(int,android.view.KeyEvent) -> onKeyDown
    void onLowMemory() -> onLowMemory
    boolean onMenuItemSelected(int,android.view.MenuItem) -> onMenuItemSelected
    void onPanelClosed(int,android.view.Menu) -> onPanelClosed
    void onPause() -> onPause
    void onNewIntent(android.content.Intent) -> onNewIntent
    void onResume() -> onResume
android.support.v4.app.FragmentActivity$1 -> android.support.v4.app.i:
    android.support.v4.app.FragmentActivity this$0 -> a
    void handleMessage(android.os.Message) -> handleMessage
android.support.v4.app.FragmentActivity$2 -> android.support.v4.app.j:
    android.support.v4.app.FragmentActivity this$0 -> a
    android.view.View findViewById(int) -> a
android.support.v4.app.FragmentActivity$FragmentTag -> android.support.v4.app.k:
    int[] Fragment -> a
android.support.v4.app.FragmentActivity$NonConfigurationInstances -> android.support.v4.app.l:
    java.lang.Object activity -> a
    java.lang.Object custom -> b
    android.support.v4.util.SimpleArrayMap children -> c
    java.util.ArrayList fragments -> d
    android.support.v4.util.SimpleArrayMap loaders -> e
android.support.v4.app.FragmentContainer -> android.support.v4.app.m:
    android.view.View findViewById(int) -> a
android.support.v4.app.FragmentManager -> android.support.v4.app.n:
    android.support.v4.app.FragmentTransaction beginTransaction() -> a
    boolean executePendingTransactions() -> b
    android.support.v4.app.Fragment findFragmentByTag(java.lang.String) -> a
    void putFragment(android.os.Bundle,java.lang.String,android.support.v4.app.Fragment) -> a
    android.support.v4.app.Fragment getFragment(android.os.Bundle,java.lang.String) -> a
    android.support.v4.app.Fragment$SavedState saveFragmentInstanceState(android.support.v4.app.Fragment) -> a
android.support.v4.app.FragmentManager$OnBackStackChangedListener -> android.support.v4.app.o:
    void onBackStackChanged() -> a