proguard/usage.txt
com.daiyan.handwork.BuildConfig
com.daiyan.handwork.R:
    10:10:public R()
com.daiyan.handwork.R$anim
com.daiyan.handwork.R$array
com.daiyan.handwork.R$attr
com.daiyan.handwork.R$bool
com.daiyan.handwork.R$color
com.daiyan.handwork.R$dimen
com.daiyan.handwork.R$drawable
com.daiyan.handwork.R$id
com.daiyan.handwork.R$integer
com.daiyan.handwork.R$layout
com.daiyan.handwork.R$string
com.daiyan.handwork.R$style
com.daiyan.handwork.R$styleable:
    1772:1772:public R$styleable()
com.daiyan.handwork.adapter.HomeFragmentAdapter
com.daiyan.handwork.adapter.HomeFragmentPagerAdapter:
    private static final int TAB_COUNT
com.daiyan.handwork.adapter.ImageFolderAdapter
com.daiyan.handwork.adapter.ImageFolderAdapter$1
com.daiyan.handwork.adapter.ImageFolderAdapter$Holder
com.daiyan.handwork.adapter.ImageFolderItemAdapter
com.daiyan.handwork.adapter.ImageFolderItemAdapter$1
com.daiyan.handwork.adapter.ImageFolderItemAdapter$2
com.daiyan.handwork.adapter.ImageFolderItemAdapter$Holder
com.daiyan.handwork.adapter.ImageFolderItemAdapter$TextCallback
com.daiyan.handwork.app.BaseListFragment
com.daiyan.handwork.app.activity.ActivitysList:
    private boolean isPrepared
com.daiyan.handwork.app.activity.Artisans:
    private java.util.HashMap mDatas
com.daiyan.handwork.app.activity.CommentPub
com.daiyan.handwork.app.activity.CommentPub$ATask
com.daiyan.handwork.app.activity.EditSinglelineContent:
    private java.util.HashMap mDatas
    private java.lang.String content
com.daiyan.handwork.app.activity.Feedback
com.daiyan.handwork.app.activity.Feedback$1
com.daiyan.handwork.app.activity.HelpCenter
com.daiyan.handwork.app.activity.Homepage:
    private java.util.HashMap mDatas
com.daiyan.handwork.app.activity.ImageFolder
com.daiyan.handwork.app.activity.ImageFolder$1
com.daiyan.handwork.app.activity.ImageFolderItem
com.daiyan.handwork.app.activity.ImageFolderItem$1
com.daiyan.handwork.app.activity.ImageFolderItem$2
com.daiyan.handwork.app.activity.ImageFolderItem$3
com.daiyan.handwork.app.activity.ImagePagerActivity:
    private static final java.lang.String STATE_POSITION
    public static final java.lang.String EXTRA_IMAGE_INDEX
    public static final java.lang.String EXTRA_IMAGE_URLS
com.daiyan.handwork.app.activity.MainActivity:
    private java.util.HashMap mLogoutDatas
    65:65:static synthetic void access$3(com.daiyan.handwork.app.activity.MainActivity,java.util.HashMap)
    65:65:static synthetic java.util.HashMap access$4(com.daiyan.handwork.app.activity.MainActivity)
    75:75:static synthetic android.app.Activity access$5(com.daiyan.handwork.app.activity.MainActivity)
com.daiyan.handwork.app.activity.MainActivity$LogoutTask
com.daiyan.handwork.app.activity.NoticeList:
    private boolean isPrepared
com.daiyan.handwork.app.activity.PhotoViewer
com.daiyan.handwork.app.activity.PhotoViewer$1
com.daiyan.handwork.app.activity.PhotoViewer$2
com.daiyan.handwork.app.activity.PhotoViewer$3
com.daiyan.handwork.app.activity.PhotoViewer$4
com.daiyan.handwork.app.activity.PhotoViewer$MyPageAdapter
com.daiyan.handwork.app.activity.WorksCommunication$WorksCommunicationFragmentPagerAdapter:
    private static final int FRAGMENT_COUNT
com.daiyan.handwork.app.fragment.TestFragment:
    private static final java.lang.String KEY_CONTENT
com.daiyan.handwork.app.widget.AdImageAdapter:
    123:143:public android.graphics.Bitmap scaling(float,android.graphics.Bitmap)
com.daiyan.handwork.app.widget.AdImageAdapter$ViewHolder:
    android.widget.TextView txt_title
    android.widget.TextView txt_content
    android.widget.TextView txt_datetime
com.daiyan.handwork.app.widget.BannerAdapter:
    60:60:public android.view.View getPrimaryItem()
com.daiyan.handwork.app.widget.CustomTitleBar
com.daiyan.handwork.app.widget.CustomTitleBar$1
com.daiyan.handwork.app.widget.CustomTitleBar$2
com.daiyan.handwork.app.widget.CustomTitleBar$3
com.daiyan.handwork.app.widget.CustomTitleBar$4
com.daiyan.handwork.app.widget.CustomTitleBar$TitleBarClickListener
...
android.support.v4.view.ViewParentCompat$ViewParentCompatICSImpl
android.support.v4.view.ViewParentCompat$ViewParentCompatImpl
android.support.v4.view.ViewParentCompat$ViewParentCompatStubImpl
android.support.v4.view.ViewParentCompatICS
android.support.v4.view.ViewPropertyAnimatorCompat
android.support.v4.view.ViewPropertyAnimatorCompat$BaseViewPropertyAnimatorCompatImpl
android.support.v4.view.ViewPropertyAnimatorCompat$ICSViewPropertyAnimatorCompatImpl
android.support.v4.view.ViewPropertyAnimatorCompat$ICSViewPropertyAnimatorCompatImpl$1
android.support.v4.view.ViewPropertyAnimatorCompat$ICSViewPropertyAnimatorCompatImpl$2
android.support.v4.view.ViewPropertyAnimatorCompat$ICSViewPropertyAnimatorCompatImpl$3
android.support.v4.view.ViewPropertyAnimatorCompat$JBMr2ViewPropertyAnimatorCompatImpl
android.support.v4.view.ViewPropertyAnimatorCompat$JBViewPropertyAnimatorCompatImpl
android.support.v4.view.ViewPropertyAnimatorCompat$ViewPropertyAnimatorCompatImpl
android.support.v4.view.ViewPropertyAnimatorCompatICS
android.support.v4.view.ViewPropertyAnimatorCompatICS$1
android.support.v4.view.ViewPropertyAnimatorCompatJB
android.support.v4.view.ViewPropertyAnimatorCompatJellybeanMr2
android.support.v4.view.ViewPropertyAnimatorListener
android.support.v4.view.WindowCompat
android.support.v4.view.accessibility.AccessibilityEventCompat
android.support.v4.view.accessibility.AccessibilityEventCompat$AccessibilityEventIcsImpl
android.support.v4.view.accessibility.AccessibilityEventCompat$AccessibilityEventStubImpl
android.support.v4.view.accessibility.AccessibilityEventCompat$AccessibilityEventVersionImpl
android.support.v4.view.accessibility.AccessibilityEventCompatIcs
android.support.v4.view.accessibility.AccessibilityManagerCompat
android.support.v4.view.accessibility.AccessibilityManagerCompat$AccessibilityManagerIcsImpl
android.support.v4.view.accessibility.AccessibilityManagerCompat$AccessibilityManagerIcsImpl$1
android.support.v4.view.accessibility.AccessibilityManagerCompat$AccessibilityManagerStubImpl
android.support.v4.view.accessibility.AccessibilityManagerCompat$AccessibilityManagerVersionImpl
android.support.v4.view.accessibility.AccessibilityManagerCompat$AccessibilityStateChangeListenerCompat
android.support.v4.view.accessibility.AccessibilityManagerCompatIcs
android.support.v4.view.accessibility.AccessibilityManagerCompatIcs$1
android.support.v4.view.accessibility.AccessibilityManagerCompatIcs$AccessibilityStateChangeListenerBridge
android.support.v4.view.accessibility.AccessibilityNodeInfoCompat:
    public static final int ACTION_FOCUS
    public static final int ACTION_CLEAR_FOCUS
    public static final int ACTION_SELECT
    public static final int ACTION_CLEAR_SELECTION
    public static final int ACTION_CLICK
    public static final int ACTION_LONG_CLICK
    public static final int ACTION_ACCESSIBILITY_FOCUS
    public static final int ACTION_CLEAR_ACCESSIBILITY_FOCUS
    public static final int ACTION_NEXT_AT_MOVEMENT_GRANULARITY
    public static final int ACTION_PREVIOUS_AT_MOVEMENT_GRANULARITY
    public static final int ACTION_NEXT_HTML_ELEMENT
    public static final int ACTION_PREVIOUS_HTML_ELEMENT
    public static final int ACTION_SCROLL_FORWARD
    public static final int ACTION_SCROLL_BACKWARD
    public static final int ACTION_COPY
    public static final int ACTION_PASTE
    public static final int ACTION_CUT
    public static final int ACTION_SET_SELECTION
    public static final java.lang.String ACTION_ARGUMENT_MOVEMENT_GRANULARITY_INT
    public static final java.lang.String ACTION_ARGUMENT_HTML_ELEMENT_STRING
    public static final java.lang.String ACTION_ARGUMENT_EXTEND_SELECTION_BOOLEAN
    public static final java.lang.String ACTION_ARGUMENT_SELECTION_START_INT
    public static final java.lang.String ACTION_ARGUMENT_SELECTION_END_INT
    public static final int FOCUS_INPUT
    public static final int FOCUS_ACCESSIBILITY